nohup: ignoring input
Starting LaTeX Converter Web Application...

Starting backend server...
Starting frontend server...

Backend running with PID: 224892
Frontend running with PID: 224893

Press Ctrl+C to stop both servers


> frontend@0.0.0 dev
> vite

Port 5173 is in use, trying another one...
Port 5174 is in use, trying another one...
Port 5175 is in use, trying another one...
Port 5176 is in use, trying another one...
Port 5177 is in use, trying another one...
Port 5178 is in use, trying another one...
Port 5179 is in use, trying another one...
Port 5180 is in use, trying another one...
Port 5181 is in use, trying another one...

  VITE v7.3.1  ready in 208 ms

  ➜  Local:   http://localhost:5182/
  ➜  Network: use --host to expose
Watching for file changes with StatReloader
Error: That port is already in use.
